<?xml version="1.0" encoding="UTF-8"?>
<testsuite xmlns:xsi="http://www.w3.org/2001/XMLSchema-instance" xsi:noNamespaceSchemaLocation="https://maven.apache.org/surefire/maven-surefire-plugin/xsd/surefire-test-report.xsd" name="org.apache.nifi.processors.mqtt.TestPublishMQTT" time="0.014" tests="5" errors="0" skipped="0" failures="0">
  <properties>
[...]
</properties>
  <testcase name="testQoS0" classname="org.apache.nifi.processors.mqtt.TestPublishMQTT" time="0"/>
  <testcase name="testQoS1" classname="org.apache.nifi.processors.mqtt.TestPublishMQTT" time="0"/>
  <testcase name="testQoS2" classname="org.apache.nifi.processors.mqtt.TestPublishMQTT" time="0"/>
  <testcase name="testRetainQoS2" classname="org.apache.nifi.processors.mqtt.TestPublishMQTT" time="0.007"/>
  <testcase name="testQoS2NotCleanSession" classname="org.apache.nifi.processors.mqtt.TestPublishMQTT" time="0.006"/>
</testsuite>